<?xml version="1.0" encoding="UTF-8"?>
<!-- Generated by org.testng.reporters.JUnitReportReporter -->
<testsuite hostname="LTIN617670" failures="0" tests="1"
	name="tests.CustomerInvalidLoginTest" time="16.383" errors="0"
	timestamp="2025-07-02T23:12:58 IST" skipped="0">
	<testcase classname="tests.CustomerInvalidLoginTest" name="testInvalidLogin"
		time="16.383" />
</testsuite> <!-- tests.CustomerInvalidLoginTest -->
