<?xml version="1.0" encoding="UTF-8"?>
<!-- Generated by org.testng.reporters.JUnitReportReporter -->
<testsuite hostname="LTIN617670" failures="0" tests="2" name="tests.CustomerLoginTest" time="27.973" errors="0" timestamp="2025-07-05T17:46:26 IST" skipped="0">
  <testcase classname="tests.CustomerLoginTest" name="testInvalidLogin" time="12.690"/>
  <testcase classname="tests.CustomerLoginTest" name="testValidLogin" time="15.283"/>
</testsuite> <!-- tests.CustomerLoginTest -->
